DEBUG:root:EXTENSION PARAMETERS
---------------------------------------
Stencil name:     Omnichart - Blocks
Current file:     /tmp/ink_ext_XXXXXX.svg3M6PM1
Path:             /home/pim/cSvg-stencils/omnichart-svg-stencil/blocks
Overwrite files:  True
Use logging:      True
---------------------------------------

DEBUG:root:  Use : [bg, locked]
DEBUG:root:  Skip: [other]
DEBUG:root:  Use : [New_Layer_1653412033.817431, component]
DEBUG:root:  Use : [New_Layer_1653412033.8260126, component]
DEBUG:root:  Use : [New_Layer_1653412033.8264022, component]
DEBUG:root:  Use : [New_Layer_1653412033.8267908, component]
DEBUG:root:  Use : [New_Layer_1653412033.8271818, component]
DEBUG:root:  Use : [New_Layer_1653412033.8275962, component]
DEBUG:root:  Use : [New_Layer_1653412033.8279955, component]
DEBUG:root:  Use : [New_Layer_1653412033.8283901, component]
DEBUG:root:  Use : [New_Layer_1653412033.8288043, component]
DEBUG:root:  Use : [New_Layer_1653412033.8291938, component]
DEBUG:root:  Use : [New_Layer_1653412033.8295982, component]
DEBUG:root:  Use : [New_Layer_1653412033.8300402, component]
DEBUG:root:  Use : [New_Layer_1653412033.8304422, component]
DEBUG:root:  Use : [New_Layer_1653412033.8308587, component]
DEBUG:root:  Use : [New_Layer_1653412033.83126, component]
DEBUG:root:  Use : [New_Layer_1653412033.8316534, component]
DEBUG:root:  Use : [New_Layer_1653412033.8320627, component]
DEBUG:root:  Use : [New_Layer_1653412033.8324468, component]
DEBUG:root:  Use : [New_Layer_1653412033.8328514, component]
DEBUG:root:  Use : [New_Layer_1653412033.8332336, component]
DEBUG:root:  Use : [New_Layer_1653412033.833643, component]
DEBUG:root:  Use : [New_Layer_1653412033.8340306, component]
DEBUG:root:  Use : [New_Layer_1653412033.8344343, component]
DEBUG:root:  Use : [New_Layer_1653412033.834883, component]
DEBUG:root:  Use : [New_Layer_1653412033.835274, component]
DEBUG:root:  Use : [New_Layer_1653412033.8356764, component]
DEBUG:root:  Use : [New_Layer_1653412033.8360667, component]
DEBUG:root:  Use : [New_Layer_1653412033.8364568, component]
DEBUG:root:  Use : [New_Layer_1653412033.8368673, component]
DEBUG:root:  Use : [New_Layer_1653412033.8372588, component]
DEBUG:root:  Use : [New_Layer_1653412033.8376584, component]
DEBUG:root:  Use : [New_Layer_1653412033.8380537, component]
DEBUG:root:  Use : [New_Layer_1653412033.8384442, component]
DEBUG:root:  Use : [New_Layer_1653412033.8388474, component]
DEBUG:root:  Use : [New_Layer_1653412033.8392434, component]
DEBUG:root:  Use : [New_Layer_1653412033.839644, component]
DEBUG:root:  Use : [New_Layer_1653412033.8400552, component]
DEBUG:root:  Use : [New_Layer_1653412033.8404567, component]
DEBUG:root:  Use : [New_Layer_1653412033.8408651, component]
DEBUG:root:  Use : [New_Layer_1653412033.8412547, component]
DEBUG:root:  Use : [New_Layer_1653412033.8416631, component]
DEBUG:root:  Use : [New_Layer_1653412033.8420546, component]
DEBUG:root:  Use : [New_Layer_1653412033.8424532, component]
DEBUG:root:  Use : [New_Layer_1653412033.8428571, component]
DEBUG:root:  Use : [New_Layer_1653412033.843253, component]
DEBUG:root:  Use : [New_Layer_1653412033.8436637, component]
DEBUG:root:  Use : [New_Layer_1653412033.8440766, component]
DEBUG:root:  Use : [New_Layer_1653412033.8444686, component]
DEBUG:root:  Use : [New_Layer_1653412033.8448846, component]
DEBUG:root:  Use : [New_Layer_1653412033.8452756, component]
DEBUG:root:  Use : [New_Layer_1653412033.8456903, component]
DEBUG:root:  Use : [New_Layer_1653412033.8461156, component]
DEBUG:root:  Use : [New_Layer_1653412033.8465326, component]
DEBUG:root:  Use : [New_Layer_1653412033.8469286, component]
DEBUG:root:  TOTAL NUMBER OF LAYERS: 55

DEBUG:root:  File name: 1_bg.svg
DEBUG:root:  Preparing layer target file [bg]
DEBUG:root:['typename', 'Rectangle']
DEBUG:root:['shape_box', BoundingBox((0.0, 1440.0),(0.0, 2810.0))]
DEBUG:root:['typename', 'Rectangle']
DEBUG:root:['shape_box', BoundingBox((0.0, 1440.0),(0.0, 2810.0))]
DEBUG:root:['typename', 'TextElement']
DEBUG:root:['shape_box', BoundingBox((80.0, 371.327),(418.548, 2735.6799))]
DEBUG:root:['typename', 'TextElement']
DEBUG:root:['shape_box', BoundingBox((80.0, 371.327),(784.54797, 2735.6799))]
DEBUG:root:['typename', 'TextElement']
DEBUG:root:['shape_box', BoundingBox((80.0, 371.327),(1114.55, 2735.6799))]
DEBUG:root:['typename', 'TextElement']
DEBUG:root:['shape_box', BoundingBox((80.0, 371.327),(1444.55, 2735.6799))]
DEBUG:root:['typename', 'TextElement']
DEBUG:root:['shape_box', BoundingBox((80.0, 371.327),(1995.55, 2735.6799))]
DEBUG:root:['typename', 'TextElement']
DEBUG:root:['shape_box', BoundingBox((81.0, 371.327),(2304.55, 2735.6799))]
DEBUG:root:['typename', 'TextElement']
DEBUG:root:['shape_box', BoundingBox((80.057297, 371.327),(339.82199, 2735.6799))]
DEBUG:root:['typename', 'Rectangle']
DEBUG:root:['shape_box', BoundingBox((80.5, 335.5),(811.5, 1036.5))]
DEBUG:root:['typename', 'PathElement']
DEBUG:root:['shape_box', BoundingBox((336.0, 592.0),(811.0, 1037.0))]
DEBUG:root:['typename', 'PathElement']
DEBUG:root:['shape_box', BoundingBox((592.5, 847.5),(811.5, 1036.5))]
DEBUG:root:['typename', 'PathElement']
DEBUG:root:['shape_box', BoundingBox((848.5, 1103.5),(811.5, 1036.5))]
DEBUG:root:['typename', 'PathElement']
DEBUG:root:['shape_box', BoundingBox((1104.0, 1360.0),(811.0, 1037.0))]
DEBUG:root:['typename', 'Rectangle']
DEBUG:root:['shape_box', BoundingBox((80.5, 335.5),(1141.5, 1366.5))]
DEBUG:root:['typename', 'PathElement']
DEBUG:root:['shape_box', BoundingBox((336.0, 592.0),(1141.0, 1367.0))]
DEBUG:root:['typename', 'PathElement']
DEBUG:root:['shape_box', BoundingBox((592.5, 847.5),(1141.5, 1366.5))]
DEBUG:root:['typename', 'PathElement']
DEBUG:root:['shape_box', BoundingBox((848.5, 1103.5),(1141.5, 1366.5))]
DEBUG:root:['typename', 'PathElement']
DEBUG:root:['shape_box', BoundingBox((1104.0, 1360.0),(1141.0, 1367.0))]
DEBUG:root:['typename', 'Rectangle']
DEBUG:root:['shape_box', BoundingBox((80.5, 335.5),(2331.5, 2472.5))]
DEBUG:root:['typename', 'PathElement']
DEBUG:root:['shape_box', BoundingBox((336.0, 592.0),(2331.0, 2473.0))]
DEBUG:root:['typename', 'PathElement']
DEBUG:root:['shape_box', BoundingBox((592.5, 847.5),(2331.5, 2472.5))]
DEBUG:root:['typename', 'PathElement']
DEBUG:root:['shape_box', BoundingBox((848.5, 1103.5),(2331.5, 2472.5))]
DEBUG:root:['typename', 'PathElement']
DEBUG:root:['shape_box', BoundingBox((1104.0, 1360.0),(2331.0, 2473.0))]
DEBUG:root:['typename', 'Rectangle']
DEBUG:root:['shape_box', BoundingBox((80.5, 335.5),(445.5, 706.5))]
DEBUG:root:['typename', 'PathElement']
DEBUG:root:['shape_box', BoundingBox((336.0, 592.0),(445.0, 707.0))]
DEBUG:root:['typename', 'PathElement']
DEBUG:root:['shape_box', BoundingBox((592.5, 847.5),(445.5, 706.5))]
DEBUG:root:['typename', 'PathElement']
DEBUG:root:['shape_box', BoundingBox((848.5, 1103.5),(445.5, 706.5))]
DEBUG:root:['typename', 'PathElement']
DEBUG:root:['shape_box', BoundingBox((1104.0, 1360.0),(445.0, 707.0))]
DEBUG:root:['typename', 'Rectangle']
DEBUG:root:['shape_box', BoundingBox((80.5, 335.5),(1471.5, 1917.5))]
DEBUG:root:['typename', 'PathElement']
DEBUG:root:['shape_box', BoundingBox((336.0, 592.0),(1471.0, 1918.0))]
DEBUG:root:['typename', 'PathElement']
DEBUG:root:['shape_box', BoundingBox((592.5, 847.5),(1471.5, 1917.5))]
DEBUG:root:['typename', 'PathElement']
DEBUG:root:['shape_box', BoundingBox((848.5, 1103.5),(1471.5, 1917.5))]
DEBUG:root:['typename', 'PathElement']
DEBUG:root:['shape_box', BoundingBox((1104.0, 1360.0),(1471.0, 1918.0))]
DEBUG:root:['typename', 'Rectangle']
DEBUG:root:['shape_box', BoundingBox((80.5, 335.5),(2022.5, 2236.5))]
DEBUG:root:['typename', 'PathElement']
DEBUG:root:['shape_box', BoundingBox((336.0, 592.0),(2022.0, 2237.0))]
DEBUG:root:['typename', 'PathElement']
DEBUG:root:['shape_box', BoundingBox((592.5, 847.5),(2022.5, 2236.5))]
DEBUG:root:['typename', 'PathElement']
DEBUG:root:['shape_box', BoundingBox((848.5, 1103.5),(2022.5, 2236.5))]
DEBUG:root:['typename', 'PathElement']
DEBUG:root:['shape_box', BoundingBox((1104.0, 1360.0),(2022.0, 2237.0))]
DEBUG:root:['typename', 'Rectangle']
DEBUG:root:['shape_box', BoundingBox((80.49999999999999, 1359.5),(101.5, 190.5))]
DEBUG:root:['typename', 'TextElement']
DEBUG:root:['shape_box', BoundingBox((371.327, 1290.96),(153.68401, 2735.6799))]
DEBUG:root:['typename', 'TextElement']
DEBUG:root:['shape_box', BoundingBox((371.327, 1175.27),(153.68401, 2735.6799))]
DEBUG:root:['typename', 'PathElement']
DEBUG:root:['shape_box', BoundingBox((108.0, 125.50999999999999),(135.47299999999998, 153.118))]
DEBUG:root:['typename', 'PathElement']
DEBUG:root:['shape_box', BoundingBox((152.571, 168.73499999999999),(135.67499999999995, 152.646))]
DEBUG:root:['typename', 'PathElement']
DEBUG:root:['shape_box', BoundingBox((172.976, 177.218),(135.944, 152.646))]
DEBUG:root:['typename', 'PathElement']
DEBUG:root:['shape_box', BoundingBox((180.66299999999998, 197.70200000000003),(135.47299999999998, 153.118))]
DEBUG:root:['typename', 'PathElement']
DEBUG:root:['shape_box', BoundingBox((200.992, 217.15499999999997),(129.07499999999996, 152.646))]
DEBUG:root:['typename', 'PathElement']
DEBUG:root:['shape_box', BoundingBox((220.588, 235.741),(135.473, 153.11800000000002))]
DEBUG:root:['typename', 'PathElement']
DEBUG:root:['shape_box', BoundingBox((239.992, 250.42999999999998),(135.87699999999998, 152.646))]
DEBUG:root:['typename', 'PathElement']
DEBUG:root:['shape_box', BoundingBox((252.002, 265.0),(130.75799999999998, 152.646))]
DEBUG:root:['typename', 'PathElement']
DEBUG:root:['shape_box', BoundingBox((128.406, 132.41500000000002),(136.216, 153.053))]
DEBUG:root:['typename', 'PathElement']
DEBUG:root:['shape_box', BoundingBox((136.424, 140.43200000000002),(141.026, 153.053))]
DEBUG:root:['typename', 'PathElement']
DEBUG:root:['shape_box', BoundingBox((132.415, 136.42399999999998),(136.216, 141.026))]
DEBUG:root:['typename', 'PathElement']
DEBUG:root:['shape_box', BoundingBox((140.432, 144.44099999999997),(136.216, 141.026))]
DEBUG:root:['typename', 'PathElement']
DEBUG:root:['shape_box', BoundingBox((172.903, 177.233),(129.0, 133.41))]
DEBUG:root:['typename', 'PathElement']
DEBUG:root:['shape_box', BoundingBox((144.441, 148.45),(141.026, 153.053))]
DEBUG:root:['typename', 'Rectangle']
DEBUG:root:['shape_box', BoundingBox((0.5, 1439.5),(2650.5, 2809.5))]
DEBUG:root:['typename', 'PathElement']
DEBUG:root:['shape_box', BoundingBox((118.811, 320.928),(2712.0, 2735.5400000000004))]
DEBUG:root:['typename', 'PathElement']
DEBUG:root:['shape_box', BoundingBox((79.99998132378, 112.38997181314404),(2711.9993430160926, 2749.92))]
DEBUG:root:['typename', 'TextElement']
DEBUG:root:['shape_box', BoundingBox((371.327, 371.327),(2735.6799, 2735.6799))]
DEBUG:root:['typename', 'PathElement']
DEBUG:root:['shape_box', BoundingBox((1.0, 1.0),(2.0, 2.0))]
DEBUG:root:    Creating temp file /tmp/tmprvne6x19.svg
DEBUG:root:  Exporting [bg] as 1_bg.svg
DEBUG:root:    inkscape --vacuum-defs --export-plain-svg --export-type=svg --export-area-drawing --export-filename=/home/pim/cSvg-stencils/omnichart-svg-stencil/blocks/1_bg.svg /tmp/tmprvne6x19.svg

DEBUG:root:  File name: 2_New_Layer_1653412033.817431.svg
DEBUG:root:  Preparing layer target file [New_Layer_1653412033.817431]
DEBUG:root:  File name: 3_New_Layer_1653412033.8260126.svg
DEBUG:root:  Preparing layer target file [New_Layer_1653412033.8260126]
DEBUG:root:    CHILD: Group

DEBUG:root:    CHILD: PathElement

DEBUG:root:['typename', 'PathElement']
DEBUG:root:['shape_box', BoundingBox((132.0, 283.0),(861.0, 885.0))]
DEBUG:root:    CHILD: Circle

DEBUG:root:['typename', 'Circle']
DEBUG:root:['shape_box', BoundingBox((139.99988308009895, 148.0),(869.0, 877.0001169199011))]
DEBUG:root:    CHILD: Circle

DEBUG:root:['typename', 'Circle']
DEBUG:root:['shape_box', BoundingBox((153.99988308009895, 162.0),(869.0, 877.0001169199011))]
DEBUG:root:    CHILD: Circle

DEBUG:root:['typename', 'Circle']
DEBUG:root:['shape_box', BoundingBox((167.99988308009895, 176.0),(869.0, 877.0001169199011))]
DEBUG:root:    CHILD: PathElement

DEBUG:root:['typename', 'PathElement']
DEBUG:root:['shape_box', BoundingBox((132.5, 282.5),(861.5, 884.5))]
DEBUG:root:    CHILD: Group

DEBUG:root:    CHILD: PathElement

DEBUG:root:['typename', 'PathElement']
DEBUG:root:['shape_box', BoundingBox((132.0, 283.0),(884.0, 987.0))]
DEBUG:root:    CHILD: TextElement

DEBUG:root:['typename', 'TextElement']
DEBUG:root:['shape_box', BoundingBox((171.59399, 171.59399),(940.96899, 940.96899))]
DEBUG:root:    CHILD: PathElement

DEBUG:root:['typename', 'PathElement']
DEBUG:root:['shape_box', BoundingBox((132.5, 282.5),(884.5, 986.5))]
DEBUG:root:    Creating temp file /tmp/tmpckbf3jes.svg
DEBUG:root:  Exporting [New_Layer_1653412033.8260126] as 3_New_Layer_1653412033.8260126.svg
DEBUG:root:    inkscape --vacuum-defs --export-plain-svg --export-type=svg --export-area-drawing --export-filename=/home/pim/cSvg-stencils/omnichart-svg-stencil/blocks/3_New_Layer_1653412033.8260126.svg /tmp/tmpckbf3jes.svg

DEBUG:root:  File name: 4_New_Layer_1653412033.8264022.svg
DEBUG:root:  Preparing layer target file [New_Layer_1653412033.8264022]
DEBUG:root:  File name: 5_New_Layer_1653412033.8267908.svg
DEBUG:root:  Preparing layer target file [New_Layer_1653412033.8267908]
DEBUG:root:    CHILD: Group

DEBUG:root:    CHILD: PathElement

DEBUG:root:['typename', 'PathElement']
DEBUG:root:['shape_box', BoundingBox((389.0, 540.0),(861.0, 885.0))]
DEBUG:root:    CHILD: Circle

DEBUG:root:['typename', 'Circle']
DEBUG:root:['shape_box', BoundingBox((396.9998830800988, 405.0),(869.0, 877.0001169199011))]
DEBUG:root:    CHILD: Circle

DEBUG:root:['typename', 'Circle']
DEBUG:root:['shape_box', BoundingBox((410.9998830800988, 419.0),(869.0, 877.0001169199011))]
DEBUG:root:    CHILD: Circle

DEBUG:root:['typename', 'Circle']
DEBUG:root:['shape_box', BoundingBox((424.9998830800988, 433.0),(869.0, 877.0001169199011))]
DEBUG:root:    CHILD: PathElement

DEBUG:root:['typename', 'PathElement']
DEBUG:root:['shape_box', BoundingBox((389.5, 539.5),(861.5, 884.5))]
DEBUG:root:    CHILD: Group

DEBUG:root:    CHILD: PathElement

DEBUG:root:['typename', 'PathElement']
DEBUG:root:['shape_box', BoundingBox((389.0, 540.0),(884.0, 987.0))]
DEBUG:root:    CHILD: TextElement

DEBUG:root:['typename', 'TextElement']
DEBUG:root:['shape_box', BoundingBox((428.59399, 428.59399),(940.96899, 940.96899))]
DEBUG:root:    CHILD: PathElement

DEBUG:root:['typename', 'PathElement']
DEBUG:root:['shape_box', BoundingBox((389.5, 539.5),(884.5, 986.5))]
DEBUG:root:    Creating temp file /tmp/tmplqo6l5oi.svg
DEBUG:root:  Exporting [New_Layer_1653412033.8267908] as 5_New_Layer_1653412033.8267908.svg
DEBUG:root:    inkscape --vacuum-defs --export-plain-svg --export-type=svg --export-area-drawing --export-filename=/home/pim/cSvg-stencils/omnichart-svg-stencil/blocks/5_New_Layer_1653412033.8267908.svg /tmp/tmplqo6l5oi.svg

DEBUG:root:  File name: 6_New_Layer_1653412033.8271818.svg
DEBUG:root:  Preparing layer target file [New_Layer_1653412033.8271818]
DEBUG:root:    CHILD: Group

DEBUG:root:    CHILD: Group

DEBUG:root:    CHILD: PathElement

DEBUG:root:['typename', 'PathElement']
DEBUG:root:['shape_box', BoundingBox((645.0, 796.0),(861.0, 885.0))]
DEBUG:root:    CHILD: Circle

DEBUG:root:['typename', 'Circle']
DEBUG:root:['shape_box', BoundingBox((652.9998830800988, 661.0),(869.0, 877.0001169199011))]
DEBUG:root:    CHILD: Circle

DEBUG:root:['typename', 'Circle']
DEBUG:root:['shape_box', BoundingBox((666.9998830800988, 675.0),(869.0, 877.0001169199011))]
DEBUG:root:    CHILD: Circle

DEBUG:root:['typename', 'Circle']
DEBUG:root:['shape_box', BoundingBox((680.9998830800988, 689.0),(869.0, 877.0001169199011))]
DEBUG:root:    CHILD: PathElement

DEBUG:root:['typename', 'PathElement']
DEBUG:root:['shape_box', BoundingBox((645.5, 795.5),(861.5, 884.5))]
DEBUG:root:    CHILD: Group

DEBUG:root:    CHILD: Group

DEBUG:root:    CHILD: PathElement

DEBUG:root:['typename', 'PathElement']
DEBUG:root:['shape_box', BoundingBox((645.0, 796.0),(884.0, 987.0))]
DEBUG:root:    CHILD: TextElement

DEBUG:root:['typename', 'TextElement']
DEBUG:root:['shape_box', BoundingBox((684.59399, 684.59399),(940.96899, 940.96899))]
DEBUG:root:    CHILD: PathElement

DEBUG:root:['typename', 'PathElement']
DEBUG:root:['shape_box', BoundingBox((645.5, 795.5),(884.5, 986.5))]
DEBUG:root:    Creating temp file /tmp/tmp8m2vuqc7.svg
DEBUG:root:  Exporting [New_Layer_1653412033.8271818] as 6_New_Layer_1653412033.8271818.svg
DEBUG:root:    inkscape --vacuum-defs --export-plain-svg --export-type=svg --export-area-drawing --export-filename=/home/pim/cSvg-stencils/omnichart-svg-stencil/blocks/6_New_Layer_1653412033.8271818.svg /tmp/tmp8m2vuqc7.svg

DEBUG:root:  File name: 7_New_Layer_1653412033.8275962.svg
DEBUG:root:  Preparing layer target file [New_Layer_1653412033.8275962]
DEBUG:root:  File name: 8_New_Layer_1653412033.8279955.svg
DEBUG:root:  Preparing layer target file [New_Layer_1653412033.8279955]
DEBUG:root:    CHILD: Group

DEBUG:root:    CHILD: PathElement

DEBUG:root:['typename', 'PathElement']
DEBUG:root:['shape_box', BoundingBox((901.0, 1052.0),(864.0, 888.0))]
DEBUG:root:    CHILD: Circle

DEBUG:root:['typename', 'Circle']
DEBUG:root:['shape_box', BoundingBox((908.9998830800988, 917.0),(872.0, 880.0001169199011))]
DEBUG:root:    CHILD: Circle

DEBUG:root:['typename', 'Circle']
DEBUG:root:['shape_box', BoundingBox((922.9998830800989, 931.0),(872.0, 880.0001169199011))]
DEBUG:root:    CHILD: Circle

DEBUG:root:['typename', 'Circle']
DEBUG:root:['shape_box', BoundingBox((936.9998830800987, 945.0),(872.0, 880.0001169199011))]
DEBUG:root:    CHILD: PathElement

DEBUG:root:['typename', 'PathElement']
DEBUG:root:['shape_box', BoundingBox((901.5, 1051.5),(864.5, 887.5))]
DEBUG:root:    CHILD: Group

DEBUG:root:    CHILD: PathElement

DEBUG:root:['typename', 'PathElement']
DEBUG:root:['shape_box', BoundingBox((901.0, 1052.0),(887.0, 990.0))]
DEBUG:root:    CHILD: TextElement

DEBUG:root:['typename', 'TextElement']
DEBUG:root:['shape_box', BoundingBox((940.59399, 940.59399),(943.96899, 943.96899))]
DEBUG:root:    CHILD: PathElement

DEBUG:root:['typename', 'PathElement']
DEBUG:root:['shape_box', BoundingBox((901.5, 1051.5),(887.5, 989.5))]
DEBUG:root:    Creating temp file /tmp/tmp_fh5q6up.svg
DEBUG:root:  Exporting [New_Layer_1653412033.8279955] as 8_New_Layer_1653412033.8279955.svg
DEBUG:root:    inkscape --vacuum-defs --export-plain-svg --export-type=svg --export-area-drawing --export-filename=/home/pim/cSvg-stencils/omnichart-svg-stencil/blocks/8_New_Layer_1653412033.8279955.svg /tmp/tmp_fh5q6up.svg

DEBUG:root:  File name: 9_New_Layer_1653412033.8283901.svg
DEBUG:root:  Preparing layer target file [New_Layer_1653412033.8283901]
DEBUG:root:  File name: 10_New_Layer_1653412033.8288043.svg
DEBUG:root:  Preparing layer target file [New_Layer_1653412033.8288043]
DEBUG:root:    CHILD: Group

DEBUG:root:    CHILD: PathElement

DEBUG:root:['typename', 'PathElement']
DEBUG:root:['shape_box', BoundingBox((1157.0, 1308.0),(864.0, 888.0))]
DEBUG:root:    CHILD: Circle

DEBUG:root:['typename', 'Circle']
DEBUG:root:['shape_box', BoundingBox((1164.9998830800987, 1173.0),(872.0, 880.0001169199011))]
DEBUG:root:    CHILD: Circle

DEBUG:root:['typename', 'Circle']
DEBUG:root:['shape_box', BoundingBox((1178.999883080099, 1187.0),(872.0, 880.0001169199011))]
DEBUG:root:    CHILD: Circle

DEBUG:root:['typename', 'Circle']
DEBUG:root:['shape_box', BoundingBox((1192.999883080099, 1201.0),(872.0, 880.0001169199011))]
DEBUG:root:    CHILD: PathElement

DEBUG:root:['typename', 'PathElement']
DEBUG:root:['shape_box', BoundingBox((1157.5, 1307.5),(864.5, 887.5))]
DEBUG:root:    CHILD: Group

DEBUG:root:    CHILD: PathElement

DEBUG:root:['typename', 'PathElement']
DEBUG:root:['shape_box', BoundingBox((1157.0, 1308.0),(887.0, 990.0))]
DEBUG:root:    CHILD: TextElement

DEBUG:root:['typename', 'TextElement']
DEBUG:root:['shape_box', BoundingBox((1196.59, 1196.59),(943.96899, 943.96899))]
DEBUG:root:    CHILD: PathElement

DEBUG:root:['typename', 'PathElement']
DEBUG:root:['shape_box', BoundingBox((1157.5, 1307.5),(887.5, 989.5))]
DEBUG:root:    Creating temp file /tmp/tmp2u09hz6s.svg
DEBUG:root:  Exporting [New_Layer_1653412033.8288043] as 10_New_Layer_1653412033.8288043.svg
DEBUG:root:    inkscape --vacuum-defs --export-plain-svg --export-type=svg --export-area-drawing --export-filename=/home/pim/cSvg-stencils/omnichart-svg-stencil/blocks/10_New_Layer_1653412033.8288043.svg /tmp/tmp2u09hz6s.svg

DEBUG:root:  File name: 11_New_Layer_1653412033.8291938.svg
DEBUG:root:  Preparing layer target file [New_Layer_1653412033.8291938]
DEBUG:root:    CHILD: Group

DEBUG:root:    CHILD: Rectangle

DEBUG:root:['typename', 'Rectangle']
DEBUG:root:['shape_box', BoundingBox((146.0, 269.0),(1191.0, 1296.0))]
DEBUG:root:    CHILD: TextElement

DEBUG:root:['typename', 'TextElement']
DEBUG:root:['shape_box', BoundingBox((185.14101, 185.14101),(1248.97, 1248.97))]
DEBUG:root:    CHILD: Rectangle

DEBUG:root:['typename', 'Rectangle']
DEBUG:root:['shape_box', BoundingBox((146.5, 268.5),(1191.5, 1295.5))]
DEBUG:root:    CHILD: PathElement

DEBUG:root:['typename', 'PathElement']
DEBUG:root:['shape_box', BoundingBox((248.5, 257.5),(1202.5, 1211.5))]
DEBUG:root:    CHILD: PathElement

DEBUG:root:['typename', 'PathElement']
DEBUG:root:['shape_box', BoundingBox((248.5, 257.5),(1202.5, 1211.5))]
DEBUG:root:    Creating temp file /tmp/tmpzvomwxpj.svg
DEBUG:root:  Exporting [New_Layer_1653412033.8291938] as 11_New_Layer_1653412033.8291938.svg
DEBUG:root:    inkscape --vacuum-defs --export-plain-svg --export-type=svg --export-area-drawing --export-filename=/home/pim/cSvg-stencils/omnichart-svg-stencil/blocks/11_New_Layer_1653412033.8291938.svg /tmp/tmpzvomwxpj.svg

DEBUG:root:  File name: 12_New_Layer_1653412033.8295982.svg
DEBUG:root:  Preparing layer target file [New_Layer_1653412033.8295982]
DEBUG:root:    CHILD: Group

DEBUG:root:    CHILD: Rectangle

DEBUG:root:['typename', 'Rectangle']
DEBUG:root:['shape_box', BoundingBox((403.0, 526.0),(1191.0, 1296.0))]
DEBUG:root:    CHILD: TextElement

DEBUG:root:['typename', 'TextElement']
DEBUG:root:['shape_box', BoundingBox((442.14099, 442.14099),(1248.97, 1248.97))]
DEBUG:root:    CHILD: Rectangle

DEBUG:root:['typename', 'Rectangle']
DEBUG:root:['shape_box', BoundingBox((403.5, 525.5),(1191.5, 1295.5))]
DEBUG:root:    CHILD: PathElement

DEBUG:root:['typename', 'PathElement']
DEBUG:root:['shape_box', BoundingBox((505.5, 514.5),(1202.5, 1211.5))]
DEBUG:root:    CHILD: PathElement

DEBUG:root:['typename', 'PathElement']
DEBUG:root:['shape_box', BoundingBox((505.5, 514.5),(1202.5, 1211.5))]
DEBUG:root:    Creating temp file /tmp/tmpo4h8cm_4.svg
DEBUG:root:  Exporting [New_Layer_1653412033.8295982] as 12_New_Layer_1653412033.8295982.svg
DEBUG:root:    inkscape --vacuum-defs --export-plain-svg --export-type=svg --export-area-drawing --export-filename=/home/pim/cSvg-stencils/omnichart-svg-stencil/blocks/12_New_Layer_1653412033.8295982.svg /tmp/tmpo4h8cm_4.svg

DEBUG:root:  File name: 13_New_Layer_1653412033.8300402.svg
DEBUG:root:  Preparing layer target file [New_Layer_1653412033.8300402]
DEBUG:root:    CHILD: Group

DEBUG:root:    CHILD: Rectangle

DEBUG:root:['typename', 'Rectangle']
DEBUG:root:['shape_box', BoundingBox((659.0, 782.0),(1191.0, 1296.0))]
DEBUG:root:    CHILD: TextElement

DEBUG:root:['typename', 'TextElement']
DEBUG:root:['shape_box', BoundingBox((698.14099, 698.14099),(1248.97, 1248.97))]
DEBUG:root:    CHILD: Rectangle

DEBUG:root:['typename', 'Rectangle']
DEBUG:root:['shape_box', BoundingBox((659.5, 781.5),(1191.5, 1295.5))]
DEBUG:root:    CHILD: PathElement

DEBUG:root:['typename', 'PathElement']
DEBUG:root:['shape_box', BoundingBox((761.5, 770.5),(1202.5, 1211.5))]
DEBUG:root:    CHILD: PathElement

DEBUG:root:['typename', 'PathElement']
DEBUG:root:['shape_box', BoundingBox((761.5, 770.5),(1202.5, 1211.5))]
DEBUG:root:    Creating temp file /tmp/tmpze0d6mkg.svg
DEBUG:root:  Exporting [New_Layer_1653412033.8300402] as 13_New_Layer_1653412033.8300402.svg
DEBUG:root:    inkscape --vacuum-defs --export-plain-svg --export-type=svg --export-area-drawing --export-filename=/home/pim/cSvg-stencils/omnichart-svg-stencil/blocks/13_New_Layer_1653412033.8300402.svg /tmp/tmpze0d6mkg.svg

DEBUG:root:  File name: 14_New_Layer_1653412033.8304422.svg
DEBUG:root:  Preparing layer target file [New_Layer_1653412033.8304422]
DEBUG:root:    CHILD: Group

DEBUG:root:    CHILD: Rectangle

DEBUG:root:['typename', 'Rectangle']
DEBUG:root:['shape_box', BoundingBox((915.0, 1038.0),(1194.0, 1299.0))]
DEBUG:root:    CHILD: TextElement

DEBUG:root:['typename', 'TextElement']
DEBUG:root:['shape_box', BoundingBox((954.14099, 954.14099),(1251.97, 1251.97))]
DEBUG:root:    CHILD: Rectangle

DEBUG:root:['typename', 'Rectangle']
DEBUG:root:['shape_box', BoundingBox((915.5, 1037.5),(1194.5, 1298.5))]
DEBUG:root:    CHILD: PathElement

DEBUG:root:['typename', 'PathElement']
DEBUG:root:['shape_box', BoundingBox((1017.5, 1026.5),(1205.5, 1214.5))]
DEBUG:root:    CHILD: PathElement

DEBUG:root:['typename', 'PathElement']
DEBUG:root:['shape_box', BoundingBox((1017.5, 1026.5),(1205.5, 1214.5))]
DEBUG:root:    Creating temp file /tmp/tmp_ok5b1gn.svg
DEBUG:root:  Exporting [New_Layer_1653412033.8304422] as 14_New_Layer_1653412033.8304422.svg
DEBUG:root:    inkscape --vacuum-defs --export-plain-svg --export-type=svg --export-area-drawing --export-filename=/home/pim/cSvg-stencils/omnichart-svg-stencil/blocks/14_New_Layer_1653412033.8304422.svg /tmp/tmp_ok5b1gn.svg

DEBUG:root:  File name: 15_New_Layer_1653412033.8308587.svg
DEBUG:root:  Preparing layer target file [New_Layer_1653412033.8308587]
DEBUG:root:    CHILD: Group

DEBUG:root:    CHILD: Rectangle

DEBUG:root:['typename', 'Rectangle']
DEBUG:root:['shape_box', BoundingBox((1171.0, 1294.0),(1194.0, 1299.0))]
DEBUG:root:    CHILD: TextElement

DEBUG:root:['typename', 'TextElement']
DEBUG:root:['shape_box', BoundingBox((1210.14, 1210.14),(1251.97, 1251.97))]
DEBUG:root:    CHILD: Rectangle

DEBUG:root:['typename', 'Rectangle']
DEBUG:root:['shape_box', BoundingBox((1171.5, 1293.5),(1194.5, 1298.5))]
DEBUG:root:    CHILD: PathElement

DEBUG:root:['typename', 'PathElement']
DEBUG:root:['shape_box', BoundingBox((1273.5, 1282.5),(1205.5, 1214.5))]
DEBUG:root:    CHILD: PathElement

DEBUG:root:['typename', 'PathElement']
DEBUG:root:['shape_box', BoundingBox((1273.5, 1282.5),(1205.5, 1214.5))]
DEBUG:root:    Creating temp file /tmp/tmpcma1h8se.svg
DEBUG:root:  Exporting [New_Layer_1653412033.8308587] as 15_New_Layer_1653412033.8308587.svg
DEBUG:root:    inkscape --vacuum-defs --export-plain-svg --export-type=svg --export-area-drawing --export-filename=/home/pim/cSvg-stencils/omnichart-svg-stencil/blocks/15_New_Layer_1653412033.8308587.svg /tmp/tmpcma1h8se.svg

DEBUG:root:  File name: 16_New_Layer_1653412033.83126.svg
DEBUG:root:  Preparing layer target file [New_Layer_1653412033.83126]
DEBUG:root:    CHILD: Group

DEBUG:root:    CHILD: Circle

DEBUG:root:['typename', 'Circle']
DEBUG:root:['shape_box', BoundingBox((155.99938617051947, 198.0),(2381.0, 2423.0006138294807))]
DEBUG:root:    CHILD: PathElement

DEBUG:root:['typename', 'PathElement']
DEBUG:root:['shape_box', BoundingBox((167.0, 188.0),(2395.0, 2409.5))]
DEBUG:root:    Creating temp file /tmp/tmpgqw_tn4l.svg
DEBUG:root:  Exporting [New_Layer_1653412033.83126] as 16_New_Layer_1653412033.83126.svg
DEBUG:root:    inkscape --vacuum-defs --export-plain-svg --export-type=svg --export-area-drawing --export-filename=/home/pim/cSvg-stencils/omnichart-svg-stencil/blocks/16_New_Layer_1653412033.83126.svg /tmp/tmpgqw_tn4l.svg

DEBUG:root:  File name: 17_New_Layer_1653412033.8316534.svg
DEBUG:root:  Preparing layer target file [New_Layer_1653412033.8316534]
DEBUG:root:    CHILD: Group

DEBUG:root:    CHILD: Circle

DEBUG:root:['typename', 'Circle']
DEBUG:root:['shape_box', BoundingBox((217.9993861705195, 260.0),(2381.0, 2423.0006138294807))]
DEBUG:root:    CHILD: Circle

DEBUG:root:['typename', 'Circle']
DEBUG:root:['shape_box', BoundingBox((218.4994007855071, 259.5),(2381.5, 2422.500599214493))]
DEBUG:root:    CHILD: PathElement

DEBUG:root:['typename', 'PathElement']
DEBUG:root:['shape_box', BoundingBox((230.625, 246.375),(2394.62, 2410.38))]
DEBUG:root:    CHILD: PathElement

DEBUG:root:['typename', 'PathElement']
DEBUG:root:['shape_box', BoundingBox((230.625, 246.375),(2394.62, 2410.38))]
DEBUG:root:    Creating temp file /tmp/tmpazrgfqh7.svg
DEBUG:root:  Exporting [New_Layer_1653412033.8316534] as 17_New_Layer_1653412033.8316534.svg
DEBUG:root:    inkscape --vacuum-defs --export-plain-svg --export-type=svg --export-area-drawing --export-filename=/home/pim/cSvg-stencils/omnichart-svg-stencil/blocks/17_New_Layer_1653412033.8316534.svg /tmp/tmpazrgfqh7.svg

DEBUG:root:  File name: 18_New_Layer_1653412033.8320627.svg
DEBUG:root:  Preparing layer target file [New_Layer_1653412033.8320627]
DEBUG:root:    CHILD: Group

DEBUG:root:    CHILD: Circle

DEBUG:root:['typename', 'Circle']
DEBUG:root:['shape_box', BoundingBox((411.99938617051936, 454.0),(2381.0, 2423.0006138294807))]
DEBUG:root:    CHILD: PathElement

DEBUG:root:['typename', 'PathElement']
DEBUG:root:['shape_box', BoundingBox((423.0, 444.0),(2395.0, 2409.5))]
DEBUG:root:    Creating temp file /tmp/tmpnv4gnsc1.svg
DEBUG:root:  Exporting [New_Layer_1653412033.8320627] as 18_New_Layer_1653412033.8320627.svg
DEBUG:root:    inkscape --vacuum-defs --export-plain-svg --export-type=svg --export-area-drawing --export-filename=/home/pim/cSvg-stencils/omnichart-svg-stencil/blocks/18_New_Layer_1653412033.8320627.svg /tmp/tmpnv4gnsc1.svg

DEBUG:root:  File name: 19_New_Layer_1653412033.8324468.svg
DEBUG:root:  Preparing layer target file [New_Layer_1653412033.8324468]
DEBUG:root:    CHILD: Group

DEBUG:root:    CHILD: Circle

DEBUG:root:['typename', 'Circle']
DEBUG:root:['shape_box', BoundingBox((473.99938617051936, 516.0),(2381.0, 2423.0006138294807))]
DEBUG:root:    CHILD: Circle

DEBUG:root:['typename', 'Circle']
DEBUG:root:['shape_box', BoundingBox((474.4994007855072, 515.5),(2381.5, 2422.500599214493))]
DEBUG:root:    CHILD: PathElement

DEBUG:root:['typename', 'PathElement']
DEBUG:root:['shape_box', BoundingBox((486.625, 502.375),(2394.62, 2410.38))]
DEBUG:root:    CHILD: PathElement

DEBUG:root:['typename', 'PathElement']
DEBUG:root:['shape_box', BoundingBox((486.625, 502.375),(2394.62, 2410.38))]
DEBUG:root:    Creating temp file /tmp/tmpb2ztpux6.svg
DEBUG:root:  Exporting [New_Layer_1653412033.8324468] as 19_New_Layer_1653412033.8324468.svg
DEBUG:root:    inkscape --vacuum-defs --export-plain-svg --export-type=svg --export-area-drawing --export-filename=/home/pim/cSvg-stencils/omnichart-svg-stencil/blocks/19_New_Layer_1653412033.8324468.svg /tmp/tmpb2ztpux6.svg

DEBUG:root:  File name: 20_New_Layer_1653412033.8328514.svg
DEBUG:root:  Preparing layer target file [New_Layer_1653412033.8328514]
DEBUG:root:    CHILD: Group

DEBUG:root:    CHILD: Circle

DEBUG:root:['typename', 'Circle']
DEBUG:root:['shape_box', BoundingBox((667.9993861705195, 710.0),(2381.0, 2423.0006138294807))]
DEBUG:root:    CHILD: PathElement

DEBUG:root:['typename', 'PathElement']
DEBUG:root:['shape_box', BoundingBox((679.0, 700.0),(2395.0, 2409.5))]
DEBUG:root:    Creating temp file /tmp/tmpcjdc90o3.svg
DEBUG:root:  Exporting [New_Layer_1653412033.8328514] as 20_New_Layer_1653412033.8328514.svg
DEBUG:root:    inkscape --vacuum-defs --export-plain-svg --export-type=svg --export-area-drawing --export-filename=/home/pim/cSvg-stencils/omnichart-svg-stencil/blocks/20_New_Layer_1653412033.8328514.svg /tmp/tmpcjdc90o3.svg

DEBUG:root:  File name: 21_New_Layer_1653412033.8332336.svg
DEBUG:root:  Preparing layer target file [New_Layer_1653412033.8332336]
DEBUG:root:    CHILD: Group

DEBUG:root:    CHILD: Circle

DEBUG:root:['typename', 'Circle']
DEBUG:root:['shape_box', BoundingBox((729.9993861705193, 772.0),(2381.0, 2423.0006138294807))]
DEBUG:root:    CHILD: Circle

DEBUG:root:['typename', 'Circle']
DEBUG:root:['shape_box', BoundingBox((730.4994007855071, 771.5),(2381.5, 2422.500599214493))]
DEBUG:root:    CHILD: PathElement

DEBUG:root:['typename', 'PathElement']
DEBUG:root:['shape_box', BoundingBox((742.625, 758.375),(2394.62, 2410.38))]
DEBUG:root:    CHILD: PathElement

DEBUG:root:['typename', 'PathElement']
DEBUG:root:['shape_box', BoundingBox((742.625, 758.375),(2394.62, 2410.38))]
DEBUG:root:    Creating temp file /tmp/tmp3g4rw46b.svg
DEBUG:root:  Exporting [New_Layer_1653412033.8332336] as 21_New_Layer_1653412033.8332336.svg
DEBUG:root:    inkscape --vacuum-defs --export-plain-svg --export-type=svg --export-area-drawing --export-filename=/home/pim/cSvg-stencils/omnichart-svg-stencil/blocks/21_New_Layer_1653412033.8332336.svg /tmp/tmp3g4rw46b.svg

DEBUG:root:  File name: 22_New_Layer_1653412033.833643.svg
DEBUG:root:  Preparing layer target file [New_Layer_1653412033.833643]
DEBUG:root:    CHILD: Group

DEBUG:root:    CHILD: Circle

DEBUG:root:['typename', 'Circle']
DEBUG:root:['shape_box', BoundingBox((923.9993861705193, 966.0),(2384.0, 2426.0006138294802))]
DEBUG:root:    CHILD: PathElement

DEBUG:root:['typename', 'PathElement']
DEBUG:root:['shape_box', BoundingBox((935.0, 956.0),(2398.0, 2412.5))]
DEBUG:root:    Creating temp file /tmp/tmpzarlkt24.svg
DEBUG:root:  Exporting [New_Layer_1653412033.833643] as 22_New_Layer_1653412033.833643.svg
DEBUG:root:    inkscape --vacuum-defs --export-plain-svg --export-type=svg --export-area-drawing --export-filename=/home/pim/cSvg-stencils/omnichart-svg-stencil/blocks/22_New_Layer_1653412033.833643.svg /tmp/tmpzarlkt24.svg

DEBUG:root:  File name: 23_New_Layer_1653412033.8340306.svg
DEBUG:root:  Preparing layer target file [New_Layer_1653412033.8340306]
DEBUG:root:    CHILD: Group

DEBUG:root:    CHILD: Circle

DEBUG:root:['typename', 'Circle']
DEBUG:root:['shape_box', BoundingBox((985.9993861705194, 1028.0),(2384.0, 2426.0006138294802))]
DEBUG:root:    CHILD: Circle

DEBUG:root:['typename', 'Circle']
DEBUG:root:['shape_box', BoundingBox((986.499400785507, 1027.5),(2384.5, 2425.500599214493))]
DEBUG:root:    CHILD: PathElement

DEBUG:root:['typename', 'PathElement']
DEBUG:root:['shape_box', BoundingBox((998.625, 1014.38),(2397.62, 2413.38))]
DEBUG:root:    CHILD: PathElement

DEBUG:root:['typename', 'PathElement']
DEBUG:root:['shape_box', BoundingBox((998.625, 1014.38),(2397.62, 2413.38))]
DEBUG:root:    Creating temp file /tmp/tmpply7z86l.svg
DEBUG:root:  Exporting [New_Layer_1653412033.8340306] as 23_New_Layer_1653412033.8340306.svg
DEBUG:root:    inkscape --vacuum-defs --export-plain-svg --export-type=svg --export-area-drawing --export-filename=/home/pim/cSvg-stencils/omnichart-svg-stencil/blocks/23_New_Layer_1653412033.8340306.svg /tmp/tmpply7z86l.svg

DEBUG:root:  File name: 24_New_Layer_1653412033.8344343.svg
DEBUG:root:  Preparing layer target file [New_Layer_1653412033.8344343]
DEBUG:root:    CHILD: Group

DEBUG:root:    CHILD: Circle

DEBUG:root:['typename', 'Circle']
DEBUG:root:['shape_box', BoundingBox((1179.9993861705195, 1222.0),(2384.0, 2426.0006138294802))]
DEBUG:root:    CHILD: PathElement

DEBUG:root:['typename', 'PathElement']
DEBUG:root:['shape_box', BoundingBox((1191.0, 1212.0),(2398.0, 2412.5))]
DEBUG:root:    Creating temp file /tmp/tmpyky0kp7d.svg
DEBUG:root:  Exporting [New_Layer_1653412033.8344343] as 24_New_Layer_1653412033.8344343.svg
DEBUG:root:    inkscape --vacuum-defs --export-plain-svg --export-type=svg --export-area-drawing --export-filename=/home/pim/cSvg-stencils/omnichart-svg-stencil/blocks/24_New_Layer_1653412033.8344343.svg /tmp/tmpyky0kp7d.svg

DEBUG:root:  File name: 25_New_Layer_1653412033.834883.svg
DEBUG:root:  Preparing layer target file [New_Layer_1653412033.834883]
DEBUG:root:    CHILD: Group

DEBUG:root:    CHILD: Circle

DEBUG:root:['typename', 'Circle']
DEBUG:root:['shape_box', BoundingBox((1241.999386170519, 1284.0),(2384.0, 2426.0006138294802))]
DEBUG:root:    CHILD: Circle

DEBUG:root:['typename', 'Circle']
DEBUG:root:['shape_box', BoundingBox((1242.4994007855073, 1283.5),(2384.5, 2425.500599214493))]
DEBUG:root:    CHILD: PathElement

DEBUG:root:['typename', 'PathElement']
DEBUG:root:['shape_box', BoundingBox((1254.62, 1270.3799999999999),(2397.62, 2413.38))]
DEBUG:root:    CHILD: PathElement

DEBUG:root:['typename', 'PathElement']
DEBUG:root:['shape_box', BoundingBox((1254.6200000000001, 1270.38),(2397.62, 2413.38))]
DEBUG:root:    Creating temp file /tmp/tmp8g9iqp5v.svg
DEBUG:root:  Exporting [New_Layer_1653412033.834883] as 25_New_Layer_1653412033.834883.svg
DEBUG:root:    inkscape --vacuum-defs --export-plain-svg --export-type=svg --export-area-drawing --export-filename=/home/pim/cSvg-stencils/omnichart-svg-stencil/blocks/25_New_Layer_1653412033.834883.svg /tmp/tmp8g9iqp5v.svg

DEBUG:root:  File name: 26_New_Layer_1653412033.835274.svg
DEBUG:root:  Preparing layer target file [New_Layer_1653412033.835274]
DEBUG:root:    CHILD: PathElement

DEBUG:root:['typename', 'PathElement']
DEBUG:root:['shape_box', BoundingBox((141.0, 274.0),(494.621, 557.621))]
DEBUG:root:    CHILD: TextElement

DEBUG:root:['typename', 'TextElement']
DEBUG:root:['shape_box', BoundingBox((187.76601, 187.76601),(531.59003, 531.59003))]
DEBUG:root:    CHILD: PathElement

DEBUG:root:['typename', 'PathElement']
DEBUG:root:['shape_box', BoundingBox((140.0, 275.0),(493.621, 558.621))]
DEBUG:root:    Creating temp file /tmp/tmpjegblza9.svg
DEBUG:root:  Exporting [New_Layer_1653412033.835274] as 26_New_Layer_1653412033.835274.svg
DEBUG:root:    inkscape --vacuum-defs --export-plain-svg --export-type=svg --export-area-drawing --export-filename=/home/pim/cSvg-stencils/omnichart-svg-stencil/blocks/26_New_Layer_1653412033.835274.svg /tmp/tmpjegblza9.svg

DEBUG:root:  File name: 27_New_Layer_1653412033.8356764.svg
DEBUG:root:  Preparing layer target file [New_Layer_1653412033.8356764]
DEBUG:root:    CHILD: PathElement

DEBUG:root:['typename', 'PathElement']
DEBUG:root:['shape_box', BoundingBox((398.0, 530.0),(494.621, 557.621))]
DEBUG:root:    CHILD: TextElement

DEBUG:root:['typename', 'TextElement']
DEBUG:root:['shape_box', BoundingBox((444.26599, 444.26599),(531.59003, 531.59003))]
DEBUG:root:    CHILD: PathElement

DEBUG:root:['typename', 'PathElement']
DEBUG:root:['shape_box', BoundingBox((397.0, 531.0),(493.621, 558.621))]
DEBUG:root:    Creating temp file /tmp/tmp0myaujqb.svg
DEBUG:root:  Exporting [New_Layer_1653412033.8356764] as 27_New_Layer_1653412033.8356764.svg
DEBUG:root:    inkscape --vacuum-defs --export-plain-svg --export-type=svg --export-area-drawing --export-filename=/home/pim/cSvg-stencils/omnichart-svg-stencil/blocks/27_New_Layer_1653412033.8356764.svg /tmp/tmp0myaujqb.svg

DEBUG:root:  File name: 28_New_Layer_1653412033.8360667.svg
DEBUG:root:  Preparing layer target file [New_Layer_1653412033.8360667]
DEBUG:root:    CHILD: PathElement

DEBUG:root:['typename', 'PathElement']
DEBUG:root:['shape_box', BoundingBox((654.0, 786.0),(494.621, 557.621))]
DEBUG:root:    CHILD: TextElement

DEBUG:root:['typename', 'TextElement']
DEBUG:root:['shape_box', BoundingBox((700.26599, 700.26599),(531.59003, 531.59003))]
DEBUG:root:    CHILD: PathElement

DEBUG:root:['typename', 'PathElement']
DEBUG:root:['shape_box', BoundingBox((653.0, 787.0),(493.621, 558.621))]
DEBUG:root:    Creating temp file /tmp/tmp_oy_8wbu.svg
DEBUG:root:  Exporting [New_Layer_1653412033.8360667] as 28_New_Layer_1653412033.8360667.svg
DEBUG:root:    inkscape --vacuum-defs --export-plain-svg --export-type=svg --export-area-drawing --export-filename=/home/pim/cSvg-stencils/omnichart-svg-stencil/blocks/28_New_Layer_1653412033.8360667.svg /tmp/tmp_oy_8wbu.svg

DEBUG:root:  File name: 29_New_Layer_1653412033.8364568.svg
DEBUG:root:  Preparing layer target file [New_Layer_1653412033.8364568]
DEBUG:root:    CHILD: PathElement

DEBUG:root:['typename', 'PathElement']
DEBUG:root:['shape_box', BoundingBox((910.0, 1042.0),(497.599, 560.5989999999999))]
DEBUG:root:    CHILD: TextElement

DEBUG:root:['typename', 'TextElement']
DEBUG:root:['shape_box', BoundingBox((956.26599, 956.26599),(534.56702, 534.56702))]
DEBUG:root:    CHILD: PathElement

DEBUG:root:['typename', 'PathElement']
DEBUG:root:['shape_box', BoundingBox((909.0, 1043.0),(496.59899999999993, 561.5989999999999))]
DEBUG:root:    Creating temp file /tmp/tmpksh9recm.svg
DEBUG:root:  Exporting [New_Layer_1653412033.8364568] as 29_New_Layer_1653412033.8364568.svg
DEBUG:root:    inkscape --vacuum-defs --export-plain-svg --export-type=svg --export-area-drawing --export-filename=/home/pim/cSvg-stencils/omnichart-svg-stencil/blocks/29_New_Layer_1653412033.8364568.svg /tmp/tmpksh9recm.svg

DEBUG:root:  File name: 30_New_Layer_1653412033.8368673.svg
DEBUG:root:  Preparing layer target file [New_Layer_1653412033.8368673]
DEBUG:root:    CHILD: PathElement

DEBUG:root:['typename', 'PathElement']
DEBUG:root:['shape_box', BoundingBox((1166.0, 1298.0),(497.599, 560.5989999999999))]
DEBUG:root:    CHILD: TextElement

DEBUG:root:['typename', 'TextElement']
DEBUG:root:['shape_box', BoundingBox((1212.27, 1212.27),(534.56702, 534.56702))]
DEBUG:root:    CHILD: PathElement

DEBUG:root:['typename', 'PathElement']
DEBUG:root:['shape_box', BoundingBox((1165.0, 1299.0),(496.59899999999993, 561.5989999999999))]
DEBUG:root:    Creating temp file /tmp/tmpeg1id5n9.svg
DEBUG:root:  Exporting [New_Layer_1653412033.8368673] as 30_New_Layer_1653412033.8368673.svg
DEBUG:root:    inkscape --vacuum-defs --export-plain-svg --export-type=svg --export-area-drawing --export-filename=/home/pim/cSvg-stencils/omnichart-svg-stencil/blocks/30_New_Layer_1653412033.8368673.svg /tmp/tmpeg1id5n9.svg

DEBUG:root:  File name: 31_New_Layer_1653412033.8372588.svg
DEBUG:root:  Preparing layer target file [New_Layer_1653412033.8372588]
DEBUG:root:    CHILD: PathElement

DEBUG:root:['typename', 'PathElement']
DEBUG:root:['shape_box', BoundingBox((141.0, 274.0),(591.879, 654.879))]
DEBUG:root:    CHILD: TextElement

DEBUG:root:['typename', 'TextElement']
DEBUG:root:['shape_box', BoundingBox((187.76601, 187.76601),(628.84802, 628.84802))]
DEBUG:root:    CHILD: PathElement

DEBUG:root:['typename', 'PathElement']
DEBUG:root:['shape_box', BoundingBox((140.0, 275.0),(590.879, 655.879))]
DEBUG:root:    Creating temp file /tmp/tmpx3mwmw7p.svg
DEBUG:root:  Exporting [New_Layer_1653412033.8372588] as 31_New_Layer_1653412033.8372588.svg
DEBUG:root:    inkscape --vacuum-defs --export-plain-svg --export-type=svg --export-area-drawing --export-filename=/home/pim/cSvg-stencils/omnichart-svg-stencil/blocks/31_New_Layer_1653412033.8372588.svg /tmp/tmpx3mwmw7p.svg

DEBUG:root:  File name: 32_New_Layer_1653412033.8376584.svg
DEBUG:root:  Preparing layer target file [New_Layer_1653412033.8376584]
DEBUG:root:    CHILD: PathElement

DEBUG:root:['typename', 'PathElement']
DEBUG:root:['shape_box', BoundingBox((398.0, 530.0),(591.879, 654.879))]
DEBUG:root:    CHILD: TextElement

DEBUG:root:['typename', 'TextElement']
DEBUG:root:['shape_box', BoundingBox((444.26599, 444.26599),(628.84802, 628.84802))]
DEBUG:root:    CHILD: PathElement

DEBUG:root:['typename', 'PathElement']
DEBUG:root:['shape_box', BoundingBox((397.0, 531.0),(590.879, 655.879))]
DEBUG:root:    Creating temp file /tmp/tmp26qwmvxh.svg
DEBUG:root:  Exporting [New_Layer_1653412033.8376584] as 32_New_Layer_1653412033.8376584.svg
DEBUG:root:    inkscape --vacuum-defs --export-plain-svg --export-type=svg --export-area-drawing --export-filename=/home/pim/cSvg-stencils/omnichart-svg-stencil/blocks/32_New_Layer_1653412033.8376584.svg /tmp/tmp26qwmvxh.svg

DEBUG:root:  File name: 33_New_Layer_1653412033.8380537.svg
DEBUG:root:  Preparing layer target file [New_Layer_1653412033.8380537]
DEBUG:root:    CHILD: PathElement

DEBUG:root:['typename', 'PathElement']
DEBUG:root:['shape_box', BoundingBox((654.0, 786.0),(591.879, 654.879))]
DEBUG:root:    CHILD: TextElement

DEBUG:root:['typename', 'TextElement']
DEBUG:root:['shape_box', BoundingBox((700.26599, 700.26599),(628.84802, 628.84802))]
DEBUG:root:    CHILD: PathElement

DEBUG:root:['typename', 'PathElement']
DEBUG:root:['shape_box', BoundingBox((653.0, 787.0),(590.879, 655.879))]
DEBUG:root:    Creating temp file /tmp/tmputrep7bb.svg
DEBUG:root:  Exporting [New_Layer_1653412033.8380537] as 33_New_Layer_1653412033.8380537.svg
DEBUG:root:    inkscape --vacuum-defs --export-plain-svg --export-type=svg --export-area-drawing --export-filename=/home/pim/cSvg-stencils/omnichart-svg-stencil/blocks/33_New_Layer_1653412033.8380537.svg /tmp/tmputrep7bb.svg

DEBUG:root:  File name: 34_New_Layer_1653412033.8384442.svg
DEBUG:root:  Preparing layer target file [New_Layer_1653412033.8384442]
DEBUG:root:    CHILD: PathElement

DEBUG:root:['typename', 'PathElement']
DEBUG:root:['shape_box', BoundingBox((910.0, 1042.0),(591.879, 654.879))]
DEBUG:root:    CHILD: TextElement

DEBUG:root:['typename', 'TextElement']
DEBUG:root:['shape_box', BoundingBox((956.26599, 956.26599),(628.84802, 628.84802))]
DEBUG:root:    CHILD: PathElement

DEBUG:root:['typename', 'PathElement']
DEBUG:root:['shape_box', BoundingBox((909.0, 1043.0),(590.879, 655.879))]
DEBUG:root:    Creating temp file /tmp/tmp7rpvdu1f.svg
DEBUG:root:  Exporting [New_Layer_1653412033.8384442] as 34_New_Layer_1653412033.8384442.svg
DEBUG:root:    inkscape --vacuum-defs --export-plain-svg --export-type=svg --export-area-drawing --export-filename=/home/pim/cSvg-stencils/omnichart-svg-stencil/blocks/34_New_Layer_1653412033.8384442.svg /tmp/tmp7rpvdu1f.svg

DEBUG:root:  File name: 35_New_Layer_1653412033.8388474.svg
DEBUG:root:  Preparing layer target file [New_Layer_1653412033.8388474]
DEBUG:root:    CHILD: PathElement

DEBUG:root:['typename', 'PathElement']
DEBUG:root:['shape_box', BoundingBox((1166.0, 1298.0),(591.879, 654.879))]
DEBUG:root:    CHILD: TextElement

DEBUG:root:['typename', 'TextElement']
DEBUG:root:['shape_box', BoundingBox((1212.27, 1212.27),(628.84802, 628.84802))]
DEBUG:root:    CHILD: PathElement

DEBUG:root:['typename', 'PathElement']
DEBUG:root:['shape_box', BoundingBox((1165.0, 1299.0),(590.879, 655.879))]
DEBUG:root:    Creating temp file /tmp/tmp4zn1ntzn.svg
DEBUG:root:  Exporting [New_Layer_1653412033.8388474] as 35_New_Layer_1653412033.8388474.svg
DEBUG:root:    inkscape --vacuum-defs --export-plain-svg --export-type=svg --export-area-drawing --export-filename=/home/pim/cSvg-stencils/omnichart-svg-stencil/blocks/35_New_Layer_1653412033.8388474.svg /tmp/tmp4zn1ntzn.svg

DEBUG:root:  File name: 36_New_Layer_1653412033.8392434.svg
DEBUG:root:  Preparing layer target file [New_Layer_1653412033.8392434]
DEBUG:root:    CHILD: Group

DEBUG:root:    CHILD: PathElement

DEBUG:root:['typename', 'PathElement']
DEBUG:root:['shape_box', BoundingBox((137.31399999999996, 277.686),(1524.3125, 1664.6875000000002))]
DEBUG:root:    CHILD: PathElement

DEBUG:root:['typename', 'PathElement']
DEBUG:root:['shape_box', BoundingBox((137.81324999999998, 277.18674999999996),(1524.8125, 1664.1875))]
DEBUG:root:    CHILD: TextElement

DEBUG:root:['typename', 'TextElement']
DEBUG:root:['shape_box', BoundingBox((179.84399, 179.84399),(1599.97, 1599.97))]
DEBUG:root:    Creating temp file /tmp/tmpbpnp6_4o.svg
DEBUG:root:  Exporting [New_Layer_1653412033.8392434] as 36_New_Layer_1653412033.8392434.svg
DEBUG:root:    inkscape --vacuum-defs --export-plain-svg --export-type=svg --export-area-drawing --export-filename=/home/pim/cSvg-stencils/omnichart-svg-stencil/blocks/36_New_Layer_1653412033.8392434.svg /tmp/tmpbpnp6_4o.svg

DEBUG:root:  File name: 37_New_Layer_1653412033.839644.svg
DEBUG:root:  Preparing layer target file [New_Layer_1653412033.839644]
DEBUG:root:    CHILD: Group

DEBUG:root:    CHILD: PathElement

DEBUG:root:['typename', 'PathElement']
DEBUG:root:['shape_box', BoundingBox((137.31399999999996, 277.686),(1724.3125, 1864.6875000000002))]
DEBUG:root:    CHILD: PathElement

DEBUG:root:['typename', 'PathElement']
DEBUG:root:['shape_box', BoundingBox((137.31400000000002, 277.686),(1724.3125, 1864.6875000000014))]
DEBUG:root:    CHILD: TextElement

DEBUG:root:['typename', 'TextElement']
DEBUG:root:['shape_box', BoundingBox((179.517, 179.517),(1800.1899, 1800.1899))]
DEBUG:root:    Creating temp file /tmp/tmp2d13rrip.svg
DEBUG:root:  Exporting [New_Layer_1653412033.839644] as 37_New_Layer_1653412033.839644.svg
DEBUG:root:    inkscape --vacuum-defs --export-plain-svg --export-type=svg --export-area-drawing --export-filename=/home/pim/cSvg-stencils/omnichart-svg-stencil/blocks/37_New_Layer_1653412033.839644.svg /tmp/tmp2d13rrip.svg

DEBUG:root:  File name: 38_New_Layer_1653412033.8400552.svg
DEBUG:root:  Preparing layer target file [New_Layer_1653412033.8400552]
DEBUG:root:    CHILD: Group

DEBUG:root:    CHILD: PathElement

DEBUG:root:['typename', 'PathElement']
DEBUG:root:['shape_box', BoundingBox((394.3140000000001, 534.6860000000001),(1524.3125, 1664.6875000000002))]
DEBUG:root:    CHILD: PathElement

DEBUG:root:['typename', 'PathElement']
DEBUG:root:['shape_box', BoundingBox((394.81325000000004, 534.1867500000001),(1524.8125, 1664.1875))]
DEBUG:root:    CHILD: TextElement

DEBUG:root:['typename', 'TextElement']
DEBUG:root:['shape_box', BoundingBox((436.517, 436.517),(1600.1899, 1600.1899))]
DEBUG:root:    Creating temp file /tmp/tmpm2t1lbzy.svg
DEBUG:root:  Exporting [New_Layer_1653412033.8400552] as 38_New_Layer_1653412033.8400552.svg
DEBUG:root:    inkscape --vacuum-defs --export-plain-svg --export-type=svg --export-area-drawing --export-filename=/home/pim/cSvg-stencils/omnichart-svg-stencil/blocks/38_New_Layer_1653412033.8400552.svg /tmp/tmpm2t1lbzy.svg

DEBUG:root:  File name: 39_New_Layer_1653412033.8404567.svg
DEBUG:root:  Preparing layer target file [New_Layer_1653412033.8404567]
DEBUG:root:    CHILD: Group

DEBUG:root:    CHILD: PathElement

DEBUG:root:['typename', 'PathElement']
DEBUG:root:['shape_box', BoundingBox((394.3140000000001, 534.6860000000001),(1724.3125, 1864.6875000000002))]
DEBUG:root:    CHILD: PathElement

DEBUG:root:['typename', 'PathElement']
DEBUG:root:['shape_box', BoundingBox((394.3140000000002, 534.6859999999999),(1724.3125, 1864.6875000000014))]
DEBUG:root:    CHILD: TextElement

DEBUG:root:['typename', 'TextElement']
DEBUG:root:['shape_box', BoundingBox((436.517, 436.517),(1800.1899, 1800.1899))]
DEBUG:root:    Creating temp file /tmp/tmp60em39nl.svg
DEBUG:root:  Exporting [New_Layer_1653412033.8404567] as 39_New_Layer_1653412033.8404567.svg
DEBUG:root:    inkscape --vacuum-defs --export-plain-svg --export-type=svg --export-area-drawing --export-filename=/home/pim/cSvg-stencils/omnichart-svg-stencil/blocks/39_New_Layer_1653412033.8404567.svg /tmp/tmp60em39nl.svg

DEBUG:root:  File name: 40_New_Layer_1653412033.8408651.svg
DEBUG:root:  Preparing layer target file [New_Layer_1653412033.8408651]
DEBUG:root:    CHILD: Group

DEBUG:root:    CHILD: PathElement

DEBUG:root:['typename', 'PathElement']
DEBUG:root:['shape_box', BoundingBox((650.314, 790.6859999999999),(1524.3125, 1664.6875000000002))]
DEBUG:root:    CHILD: PathElement

DEBUG:root:['typename', 'PathElement']
DEBUG:root:['shape_box', BoundingBox((650.8132499999999, 790.1867500000001),(1524.8125, 1664.1875))]
DEBUG:root:    CHILD: TextElement

DEBUG:root:['typename', 'TextElement']
DEBUG:root:['shape_box', BoundingBox((692.51703, 692.51703),(1600.1899, 1600.1899))]
DEBUG:root:    Creating temp file /tmp/tmp8k80z8t6.svg
DEBUG:root:  Exporting [New_Layer_1653412033.8408651] as 40_New_Layer_1653412033.8408651.svg
DEBUG:root:    inkscape --vacuum-defs --export-plain-svg --export-type=svg --export-area-drawing --export-filename=/home/pim/cSvg-stencils/omnichart-svg-stencil/blocks/40_New_Layer_1653412033.8408651.svg /tmp/tmp8k80z8t6.svg

DEBUG:root:  File name: 41_New_Layer_1653412033.8412547.svg
DEBUG:root:  Preparing layer target file [New_Layer_1653412033.8412547]
DEBUG:root:    CHILD: Group

DEBUG:root:    CHILD: PathElement

DEBUG:root:['typename', 'PathElement']
DEBUG:root:['shape_box', BoundingBox((650.314, 790.6859999999999),(1724.3125, 1864.6875000000002))]
DEBUG:root:    CHILD: PathElement

DEBUG:root:['typename', 'PathElement']
DEBUG:root:['shape_box', BoundingBox((650.3140000000001, 790.6859999999999),(1724.3125, 1864.6875000000014))]
DEBUG:root:    CHILD: TextElement

DEBUG:root:['typename', 'TextElement']
DEBUG:root:['shape_box', BoundingBox((692.51703, 692.51703),(1800.1899, 1800.1899))]
DEBUG:root:    Creating temp file /tmp/tmp0f2bmo5j.svg
DEBUG:root:  Exporting [New_Layer_1653412033.8412547] as 41_New_Layer_1653412033.8412547.svg
DEBUG:root:    inkscape --vacuum-defs --export-plain-svg --export-type=svg --export-area-drawing --export-filename=/home/pim/cSvg-stencils/omnichart-svg-stencil/blocks/41_New_Layer_1653412033.8412547.svg /tmp/tmp0f2bmo5j.svg

DEBUG:root:  File name: 42_New_Layer_1653412033.8416631.svg
DEBUG:root:  Preparing layer target file [New_Layer_1653412033.8416631]
DEBUG:root:    CHILD: Group

DEBUG:root:    CHILD: PathElement

DEBUG:root:['typename', 'PathElement']
DEBUG:root:['shape_box', BoundingBox((906.314, 1046.6875),(1527.3125, 1667.6875000000002))]
DEBUG:root:    CHILD: PathElement

DEBUG:root:['typename', 'PathElement']
DEBUG:root:['shape_box', BoundingBox((906.8132499999999, 1046.1875),(1527.8125, 1667.1875))]
DEBUG:root:    CHILD: TextElement

DEBUG:root:['typename', 'TextElement']
DEBUG:root:['shape_box', BoundingBox((948.51703, 948.51703),(1603.1899, 1603.1899))]
DEBUG:root:    Creating temp file /tmp/tmphrfn7qm2.svg
DEBUG:root:  Exporting [New_Layer_1653412033.8416631] as 42_New_Layer_1653412033.8416631.svg
DEBUG:root:    inkscape --vacuum-defs --export-plain-svg --export-type=svg --export-area-drawing --export-filename=/home/pim/cSvg-stencils/omnichart-svg-stencil/blocks/42_New_Layer_1653412033.8416631.svg /tmp/tmphrfn7qm2.svg

DEBUG:root:  File name: 43_New_Layer_1653412033.8420546.svg
DEBUG:root:  Preparing layer target file [New_Layer_1653412033.8420546]
DEBUG:root:    CHILD: Group

DEBUG:root:    CHILD: PathElement

DEBUG:root:['typename', 'PathElement']
DEBUG:root:['shape_box', BoundingBox((906.314, 1046.6875),(1727.3125, 1867.6875000000002))]
DEBUG:root:    CHILD: PathElement

DEBUG:root:['typename', 'PathElement']
DEBUG:root:['shape_box', BoundingBox((906.3140000000001, 1046.6875000000005),(1727.3125, 1867.6875000000014))]
DEBUG:root:    CHILD: TextElement

DEBUG:root:['typename', 'TextElement']
DEBUG:root:['shape_box', BoundingBox((948.51703, 948.51703),(1803.1899, 1803.1899))]
DEBUG:root:    Creating temp file /tmp/tmpvimdl1ky.svg
DEBUG:root:  Exporting [New_Layer_1653412033.8420546] as 43_New_Layer_1653412033.8420546.svg
DEBUG:root:    inkscape --vacuum-defs --export-plain-svg --export-type=svg --export-area-drawing --export-filename=/home/pim/cSvg-stencils/omnichart-svg-stencil/blocks/43_New_Layer_1653412033.8420546.svg /tmp/tmpvimdl1ky.svg

DEBUG:root:  File name: 44_New_Layer_1653412033.8424532.svg
DEBUG:root:  Preparing layer target file [New_Layer_1653412033.8424532]
DEBUG:root:    CHILD: Group

DEBUG:root:    CHILD: PathElement

DEBUG:root:['typename', 'PathElement']
DEBUG:root:['shape_box', BoundingBox((1162.3124999999998, 1302.6875),(1527.3125, 1667.6875000000002))]
DEBUG:root:    CHILD: PathElement

DEBUG:root:['typename', 'PathElement']
DEBUG:root:['shape_box', BoundingBox((1162.8125, 1302.1875),(1527.8125, 1667.1875))]
DEBUG:root:    CHILD: TextElement

DEBUG:root:['typename', 'TextElement']
DEBUG:root:['shape_box', BoundingBox((1210.39, 1210.39),(1603.1899, 1603.1899))]
DEBUG:root:    Creating temp file /tmp/tmp9orj6gob.svg
DEBUG:root:  Exporting [New_Layer_1653412033.8424532] as 44_New_Layer_1653412033.8424532.svg
DEBUG:root:    inkscape --vacuum-defs --export-plain-svg --export-type=svg --export-area-drawing --export-filename=/home/pim/cSvg-stencils/omnichart-svg-stencil/blocks/44_New_Layer_1653412033.8424532.svg /tmp/tmp9orj6gob.svg

DEBUG:root:  File name: 45_New_Layer_1653412033.8428571.svg
DEBUG:root:  Preparing layer target file [New_Layer_1653412033.8428571]
DEBUG:root:    CHILD: Group

DEBUG:root:    CHILD: PathElement

DEBUG:root:['typename', 'PathElement']
DEBUG:root:['shape_box', BoundingBox((1162.3124999999998, 1302.6875),(1727.3125, 1867.6875000000002))]
DEBUG:root:    CHILD: PathElement

DEBUG:root:['typename', 'PathElement']
DEBUG:root:['shape_box', BoundingBox((1162.3124999999993, 1302.687500000001),(1727.3125, 1867.6875000000014))]
DEBUG:root:    CHILD: TextElement

DEBUG:root:['typename', 'TextElement']
DEBUG:root:['shape_box', BoundingBox((1204.52, 1204.52),(1803.1899, 1803.1899))]
DEBUG:root:    Creating temp file /tmp/tmpbj96s9xq.svg
DEBUG:root:  Exporting [New_Layer_1653412033.8428571] as 45_New_Layer_1653412033.8428571.svg
DEBUG:root:    inkscape --vacuum-defs --export-plain-svg --export-type=svg --export-area-drawing --export-filename=/home/pim/cSvg-stencils/omnichart-svg-stencil/blocks/45_New_Layer_1653412033.8428571.svg /tmp/tmpbj96s9xq.svg

DEBUG:root:  File name: 46_New_Layer_1653412033.843253.svg
DEBUG:root:  Preparing layer target file [New_Layer_1653412033.843253]
DEBUG:root:    CHILD: PathElement

DEBUG:root:['typename', 'PathElement']
DEBUG:root:['shape_box', BoundingBox((156.0, 259.0),(2072.0, 2112.0))]
DEBUG:root:    CHILD: TextElement

DEBUG:root:['typename', 'TextElement']
DEBUG:root:['shape_box', BoundingBox((190.431, 190.431),(2096.79, 2096.79))]
DEBUG:root:    CHILD: PathElement

DEBUG:root:['typename', 'PathElement']
DEBUG:root:['shape_box', BoundingBox((155.0, 260.0),(2071.0, 2113.0))]
DEBUG:root:    Creating temp file /tmp/tmph77bz82p.svg
DEBUG:root:  Exporting [New_Layer_1653412033.843253] as 46_New_Layer_1653412033.843253.svg
DEBUG:root:    inkscape --vacuum-defs --export-plain-svg --export-type=svg --export-area-drawing --export-filename=/home/pim/cSvg-stencils/omnichart-svg-stencil/blocks/46_New_Layer_1653412033.843253.svg /tmp/tmph77bz82p.svg

DEBUG:root:  File name: 47_New_Layer_1653412033.8436637.svg
DEBUG:root:  Preparing layer target file [New_Layer_1653412033.8436637]
DEBUG:root:    CHILD: PathElement

DEBUG:root:['typename', 'PathElement']
DEBUG:root:['shape_box', BoundingBox((156.0, 259.0),(2147.0, 2187.0))]
DEBUG:root:    CHILD: TextElement

DEBUG:root:['typename', 'TextElement']
DEBUG:root:['shape_box', BoundingBox((190.431, 190.431),(2171.79, 2171.79))]
DEBUG:root:    CHILD: PathElement

DEBUG:root:['typename', 'PathElement']
DEBUG:root:['shape_box', BoundingBox((155.0, 260.0),(2145.9999999999995, 2188.0000000000005))]
DEBUG:root:    Creating temp file /tmp/tmpvr2h5xnx.svg
DEBUG:root:  Exporting [New_Layer_1653412033.8436637] as 47_New_Layer_1653412033.8436637.svg
DEBUG:root:    inkscape --vacuum-defs --export-plain-svg --export-type=svg --export-area-drawing --export-filename=/home/pim/cSvg-stencils/omnichart-svg-stencil/blocks/47_New_Layer_1653412033.8436637.svg /tmp/tmpvr2h5xnx.svg

DEBUG:root:  File name: 48_New_Layer_1653412033.8440766.svg
DEBUG:root:  Preparing layer target file [New_Layer_1653412033.8440766]
DEBUG:root:    CHILD: PathElement

DEBUG:root:['typename', 'PathElement']
DEBUG:root:['shape_box', BoundingBox((413.0, 516.0),(2072.0, 2112.0))]
DEBUG:root:    CHILD: TextElement

DEBUG:root:['typename', 'TextElement']
DEBUG:root:['shape_box', BoundingBox((447.431, 447.431),(2096.79, 2096.79))]
DEBUG:root:    CHILD: PathElement

DEBUG:root:['typename', 'PathElement']
DEBUG:root:['shape_box', BoundingBox((412.0, 517.0),(2071.0, 2113.0))]
DEBUG:root:    Creating temp file /tmp/tmpauwam412.svg
DEBUG:root:  Exporting [New_Layer_1653412033.8440766] as 48_New_Layer_1653412033.8440766.svg
DEBUG:root:    inkscape --vacuum-defs --export-plain-svg --export-type=svg --export-area-drawing --export-filename=/home/pim/cSvg-stencils/omnichart-svg-stencil/blocks/48_New_Layer_1653412033.8440766.svg /tmp/tmpauwam412.svg

DEBUG:root:  File name: 49_New_Layer_1653412033.8444686.svg
DEBUG:root:  Preparing layer target file [New_Layer_1653412033.8444686]
DEBUG:root:    CHILD: PathElement

DEBUG:root:['typename', 'PathElement']
DEBUG:root:['shape_box', BoundingBox((413.0, 516.0),(2147.0, 2187.0))]
DEBUG:root:    CHILD: TextElement

DEBUG:root:['typename', 'TextElement']
DEBUG:root:['shape_box', BoundingBox((447.431, 447.431),(2171.79, 2171.79))]
DEBUG:root:    CHILD: PathElement

DEBUG:root:['typename', 'PathElement']
DEBUG:root:['shape_box', BoundingBox((412.0, 517.0000000000002),(2145.9999999999995, 2188.0000000000005))]
DEBUG:root:    Creating temp file /tmp/tmpd_k6rscc.svg
DEBUG:root:  Exporting [New_Layer_1653412033.8444686] as 49_New_Layer_1653412033.8444686.svg
DEBUG:root:    inkscape --vacuum-defs --export-plain-svg --export-type=svg --export-area-drawing --export-filename=/home/pim/cSvg-stencils/omnichart-svg-stencil/blocks/49_New_Layer_1653412033.8444686.svg /tmp/tmpd_k6rscc.svg

DEBUG:root:  File name: 50_New_Layer_1653412033.8448846.svg
DEBUG:root:  Preparing layer target file [New_Layer_1653412033.8448846]
DEBUG:root:    CHILD: PathElement

DEBUG:root:['typename', 'PathElement']
DEBUG:root:['shape_box', BoundingBox((669.0, 772.0),(2072.0, 2112.0))]
DEBUG:root:    CHILD: TextElement

DEBUG:root:['typename', 'TextElement']
DEBUG:root:['shape_box', BoundingBox((703.43103, 703.43103),(2096.79, 2096.79))]
DEBUG:root:    CHILD: PathElement

DEBUG:root:['typename', 'PathElement']
DEBUG:root:['shape_box', BoundingBox((668.0, 773.0),(2071.0, 2113.0))]
DEBUG:root:    Creating temp file /tmp/tmpop6nvwnv.svg
DEBUG:root:  Exporting [New_Layer_1653412033.8448846] as 50_New_Layer_1653412033.8448846.svg
DEBUG:root:    inkscape --vacuum-defs --export-plain-svg --export-type=svg --export-area-drawing --export-filename=/home/pim/cSvg-stencils/omnichart-svg-stencil/blocks/50_New_Layer_1653412033.8448846.svg /tmp/tmpop6nvwnv.svg

DEBUG:root:  File name: 51_New_Layer_1653412033.8452756.svg
DEBUG:root:  Preparing layer target file [New_Layer_1653412033.8452756]
DEBUG:root:    CHILD: PathElement

DEBUG:root:['typename', 'PathElement']
DEBUG:root:['shape_box', BoundingBox((669.0, 772.0),(2147.0, 2187.0))]
DEBUG:root:    CHILD: TextElement

DEBUG:root:['typename', 'TextElement']
DEBUG:root:['shape_box', BoundingBox((703.43103, 703.43103),(2171.79, 2171.79))]
DEBUG:root:    CHILD: PathElement

DEBUG:root:['typename', 'PathElement']
DEBUG:root:['shape_box', BoundingBox((668.0, 773.0000000000001),(2145.9999999999995, 2188.0000000000005))]
DEBUG:root:    Creating temp file /tmp/tmppk4ejy2a.svg
DEBUG:root:  Exporting [New_Layer_1653412033.8452756] as 51_New_Layer_1653412033.8452756.svg
DEBUG:root:    inkscape --vacuum-defs --export-plain-svg --export-type=svg --export-area-drawing --export-filename=/home/pim/cSvg-stencils/omnichart-svg-stencil/blocks/51_New_Layer_1653412033.8452756.svg /tmp/tmppk4ejy2a.svg

DEBUG:root:  File name: 52_New_Layer_1653412033.8456903.svg
DEBUG:root:  Preparing layer target file [New_Layer_1653412033.8456903]
DEBUG:root:    CHILD: PathElement

DEBUG:root:['typename', 'PathElement']
DEBUG:root:['shape_box', BoundingBox((925.0, 1028.0),(2075.0, 2115.0))]
DEBUG:root:    CHILD: TextElement

DEBUG:root:['typename', 'TextElement']
DEBUG:root:['shape_box', BoundingBox((959.43103, 959.43103),(2099.79, 2099.79))]
DEBUG:root:    CHILD: PathElement

DEBUG:root:['typename', 'PathElement']
DEBUG:root:['shape_box', BoundingBox((924.0, 1029.0),(2074.0, 2116.0))]
DEBUG:root:    Creating temp file /tmp/tmpe9cn04em.svg
DEBUG:root:  Exporting [New_Layer_1653412033.8456903] as 52_New_Layer_1653412033.8456903.svg
DEBUG:root:    inkscape --vacuum-defs --export-plain-svg --export-type=svg --export-area-drawing --export-filename=/home/pim/cSvg-stencils/omnichart-svg-stencil/blocks/52_New_Layer_1653412033.8456903.svg /tmp/tmpe9cn04em.svg

DEBUG:root:  File name: 53_New_Layer_1653412033.8461156.svg
DEBUG:root:  Preparing layer target file [New_Layer_1653412033.8461156]
DEBUG:root:    CHILD: PathElement

DEBUG:root:['typename', 'PathElement']
DEBUG:root:['shape_box', BoundingBox((925.0, 1028.0),(2150.0, 2190.0))]
DEBUG:root:    CHILD: TextElement

DEBUG:root:['typename', 'TextElement']
DEBUG:root:['shape_box', BoundingBox((959.43103, 959.43103),(2174.79, 2174.79))]
DEBUG:root:    CHILD: PathElement

DEBUG:root:['typename', 'PathElement']
DEBUG:root:['shape_box', BoundingBox((924.0, 1029.0),(2148.9999999999995, 2191.0000000000005))]
DEBUG:root:    Creating temp file /tmp/tmp6ya5h9iu.svg
DEBUG:root:  Exporting [New_Layer_1653412033.8461156] as 53_New_Layer_1653412033.8461156.svg
DEBUG:root:    inkscape --vacuum-defs --export-plain-svg --export-type=svg --export-area-drawing --export-filename=/home/pim/cSvg-stencils/omnichart-svg-stencil/blocks/53_New_Layer_1653412033.8461156.svg /tmp/tmp6ya5h9iu.svg

DEBUG:root:  File name: 54_New_Layer_1653412033.8465326.svg
DEBUG:root:  Preparing layer target file [New_Layer_1653412033.8465326]
DEBUG:root:    CHILD: PathElement

DEBUG:root:['typename', 'PathElement']
DEBUG:root:['shape_box', BoundingBox((1181.0, 1284.0),(2075.0, 2115.0))]
DEBUG:root:    CHILD: TextElement

DEBUG:root:['typename', 'TextElement']
DEBUG:root:['shape_box', BoundingBox((1215.4301, 1215.4301),(2099.79, 2099.79))]
DEBUG:root:    CHILD: PathElement

DEBUG:root:['typename', 'PathElement']
DEBUG:root:['shape_box', BoundingBox((1180.0, 1285.0),(2074.0, 2116.0))]
DEBUG:root:    Creating temp file /tmp/tmp1qsoeota.svg
DEBUG:root:  Exporting [New_Layer_1653412033.8465326] as 54_New_Layer_1653412033.8465326.svg
DEBUG:root:    inkscape --vacuum-defs --export-plain-svg --export-type=svg --export-area-drawing --export-filename=/home/pim/cSvg-stencils/omnichart-svg-stencil/blocks/54_New_Layer_1653412033.8465326.svg /tmp/tmp1qsoeota.svg

DEBUG:root:  File name: 55_New_Layer_1653412033.8469286.svg
DEBUG:root:  Preparing layer target file [New_Layer_1653412033.8469286]
DEBUG:root:    CHILD: PathElement

DEBUG:root:['typename', 'PathElement']
DEBUG:root:['shape_box', BoundingBox((1181.0, 1284.0),(2150.0, 2190.0))]
DEBUG:root:    CHILD: TextElement

DEBUG:root:['typename', 'TextElement']
DEBUG:root:['shape_box', BoundingBox((1215.4301, 1215.4301),(2174.79, 2174.79))]
DEBUG:root:    CHILD: PathElement

DEBUG:root:['typename', 'PathElement']
DEBUG:root:['shape_box', BoundingBox((1180.0, 1285.0),(2148.9999999999995, 2191.0000000000005))]
DEBUG:root:    Creating temp file /tmp/tmpgfshs_b9.svg
DEBUG:root:  Exporting [New_Layer_1653412033.8469286] as 55_New_Layer_1653412033.8469286.svg
DEBUG:root:    inkscape --vacuum-defs --export-plain-svg --export-type=svg --export-area-drawing --export-filename=/home/pim/cSvg-stencils/omnichart-svg-stencil/blocks/55_New_Layer_1653412033.8469286.svg /tmp/tmpgfshs_b9.svg

DEBUG:root:  temp_elements: [[<Element {http://www.w3.org/2000/svg}path at 0x7fe202c24bd0>]]
DEBUG:root:  delete temp element: [path]
DEBUG:root:===============================

STENCIL EXPORT FINSISHED:

